2025-09-06 19:49:48,691 - INFO - [读取] 附件.xlsx -> 男胎检测数据  shape=(1082, 31)
2025-09-06 19:49:48,697 - INFO - [孕周格式化] 列 检测孕周 完成（→ 浮点周）
2025-09-06 19:49:48,700 - INFO - [Z-score] 检测孕周 -> 检测孕周_z（数值列）
2025-09-06 19:49:48,702 - INFO - [Z-score] 孕妇BMI -> 孕妇BMI_z（数值列）
2025-09-06 19:49:48,704 - INFO - [Z-score] 年龄 -> 年龄_z（数值列）
2025-09-06 19:49:48,705 - INFO - [Z-score] 生产次数 -> 生产次数_z（数值列）
2025-09-06 19:49:48,707 - INFO - [盖帽] 13号染色体的Z值 完成 |Z|>=3 -> NaN
2025-09-06 19:49:48,709 - INFO - [盖帽] 18号染色体的Z值 完成 |Z|>=3 -> NaN
2025-09-06 19:49:48,711 - INFO - [盖帽] 21号染色体的Z值 完成 |Z|>=3 -> NaN
2025-09-06 19:49:48,712 - INFO - [盖帽] X染色体的Z值 完成 |Z|>=3 -> NaN
2025-09-06 19:49:48,713 - INFO - [盖帽] Y染色体的Z值 完成 |Z|>=3 -> NaN
2025-09-06 19:49:49,058 - INFO - [保存清洗] Result\CleanResult\男胎\男胎检测数据_cleaned.xlsx
2025-09-06 19:49:49,148 - INFO - [生存数据] 已生成 Result\CleanResult\男胎\cleaned_survival_data.csv 形状=(267, 7)
2025-09-06 19:49:49,301 - INFO - [读取] 附件.xlsx -> 女胎检测数据  shape=(605, 31)
2025-09-06 19:49:49,302 - INFO - [孕周格式化] 列 检测孕周 完成（→ 浮点周）
2025-09-06 19:49:49,305 - INFO - [Z-score] 检测孕周 -> 检测孕周_z（数值列）
2025-09-06 19:49:49,306 - INFO - [Z-score] 孕妇BMI -> 孕妇BMI_z（数值列）
2025-09-06 19:49:49,307 - INFO - [Z-score] 年龄 -> 年龄_z（数值列）
2025-09-06 19:49:49,309 - INFO - [Z-score] 生产次数 -> 生产次数_z（数值列）
2025-09-06 19:49:49,310 - INFO - [盖帽] 13号染色体的Z值 完成 |Z|>=3 -> NaN
2025-09-06 19:49:49,311 - INFO - [盖帽] 18号染色体的Z值 完成 |Z|>=3 -> NaN
2025-09-06 19:49:49,312 - INFO - [盖帽] 21号染色体的Z值 完成 |Z|>=3 -> NaN
2025-09-06 19:49:49,313 - INFO - [盖帽] X染色体的Z值 完成 |Z|>=3 -> NaN
2025-09-06 19:49:49,313 - INFO - [盖帽] 列 Y染色体的Z值 不存在，跳过
2025-09-06 19:49:49,489 - INFO - [保存清洗] Result\CleanResult\女胎\女胎检测数据_cleaned.xlsx
2025-09-06 19:54:21,012 - INFO - [读取] 附件.xlsx -> 男胎检测数据  shape=(1082, 31)
2025-09-06 19:54:21,014 - INFO - [孕周格式化] 列 检测孕周 完成（→ 浮点周）
2025-09-06 19:54:21,016 - INFO - [Z-score] 检测孕周 -> 检测孕周_z（数值列）
2025-09-06 19:54:21,018 - INFO - [Z-score] 孕妇BMI -> 孕妇BMI_z（数值列）
2025-09-06 19:54:21,020 - INFO - [Z-score] 年龄 -> 年龄_z（数值列）
2025-09-06 19:54:21,022 - INFO - [Z-score] 生产次数 -> 生产次数_z（数值列）
2025-09-06 19:54:21,024 - INFO - [盖帽] 13号染色体的Z值 完成 |Z|>=3 -> NaN
2025-09-06 19:54:21,025 - INFO - [盖帽] 18号染色体的Z值 完成 |Z|>=3 -> NaN
2025-09-06 19:54:21,026 - INFO - [盖帽] 21号染色体的Z值 完成 |Z|>=3 -> NaN
2025-09-06 19:54:21,028 - INFO - [盖帽] X染色体的Z值 完成 |Z|>=3 -> NaN
2025-09-06 19:54:21,030 - INFO - [盖帽] Y染色体的Z值 完成 |Z|>=3 -> NaN
2025-09-06 19:54:21,357 - INFO - [保存清洗] Result\CleanResult\男胎\男胎检测数据_cleaned.xlsx
2025-09-06 19:54:21,434 - INFO - [生存数据] 已生成 Result\CleanResult\男胎\cleaned_survival_data.csv 形状=(267, 7)
2025-09-06 19:54:21,589 - INFO - [读取] 附件.xlsx -> 女胎检测数据  shape=(605, 31)
2025-09-06 19:54:21,590 - INFO - [孕周格式化] 列 检测孕周 完成（→ 浮点周）
2025-09-06 19:54:21,592 - INFO - [Z-score] 检测孕周 -> 检测孕周_z（数值列）
2025-09-06 19:54:21,593 - INFO - [Z-score] 孕妇BMI -> 孕妇BMI_z（数值列）
2025-09-06 19:54:21,595 - INFO - [Z-score] 年龄 -> 年龄_z（数值列）
2025-09-06 19:54:21,596 - INFO - [Z-score] 生产次数 -> 生产次数_z（数值列）
2025-09-06 19:54:21,597 - INFO - [盖帽] 13号染色体的Z值 完成 |Z|>=3 -> NaN
2025-09-06 19:54:21,598 - INFO - [盖帽] 18号染色体的Z值 完成 |Z|>=3 -> NaN
2025-09-06 19:54:21,599 - INFO - [盖帽] 21号染色体的Z值 完成 |Z|>=3 -> NaN
2025-09-06 19:54:21,600 - INFO - [盖帽] X染色体的Z值 完成 |Z|>=3 -> NaN
2025-09-06 19:54:21,600 - INFO - [盖帽] 列 Y染色体的Z值 不存在，跳过
2025-09-06 19:54:21,783 - INFO - [保存清洗] Result\CleanResult\女胎\女胎检测数据_cleaned.xlsx
2025-09-06 19:59:42,564 - INFO - [读取] 附件.xlsx -> 男胎检测数据  shape=(1082, 31)
2025-09-06 19:59:42,568 - INFO - [孕周格式化] 列 检测孕周 完成（→ 浮点周）
2025-09-06 19:59:42,571 - INFO - [Z-score] 检测孕周 -> 检测孕周_z（数值列）
2025-09-06 19:59:42,573 - INFO - [Z-score] 孕妇BMI -> 孕妇BMI_z（数值列）
2025-09-06 19:59:42,575 - INFO - [Z-score] 年龄 -> 年龄_z（数值列）
2025-09-06 19:59:42,576 - INFO - [Z-score] 生产次数 -> 生产次数_z（数值列）
2025-09-06 19:59:42,578 - INFO - [盖帽] 13号染色体的Z值 完成 |Z|>=3 -> NaN
2025-09-06 19:59:42,580 - INFO - [盖帽] 18号染色体的Z值 完成 |Z|>=3 -> NaN
2025-09-06 19:59:42,581 - INFO - [盖帽] 21号染色体的Z值 完成 |Z|>=3 -> NaN
2025-09-06 19:59:42,583 - INFO - [盖帽] X染色体的Z值 完成 |Z|>=3 -> NaN
2025-09-06 19:59:42,584 - INFO - [盖帽] Y染色体的Z值 完成 |Z|>=3 -> NaN
2025-09-06 19:59:42,917 - INFO - [保存清洗] Result\CleanResult\男胎\男胎检测数据_cleaned.xlsx
2025-09-06 19:59:43,004 - INFO - [生存数据] 已生成 Result\CleanResult\男胎\cleaned_survival_data.csv 形状=(267, 7)
2025-09-06 19:59:43,157 - INFO - [读取] 附件.xlsx -> 女胎检测数据  shape=(605, 31)
2025-09-06 19:59:43,158 - INFO - [孕周格式化] 列 检测孕周 完成（→ 浮点周）
2025-09-06 19:59:43,159 - INFO - [Z-score] 检测孕周 -> 检测孕周_z（数值列）
2025-09-06 19:59:43,161 - INFO - [Z-score] 孕妇BMI -> 孕妇BMI_z（数值列）
2025-09-06 19:59:43,161 - INFO - [Z-score] 年龄 -> 年龄_z（数值列）
2025-09-06 19:59:43,163 - INFO - [Z-score] 生产次数 -> 生产次数_z（数值列）
2025-09-06 19:59:43,164 - INFO - [盖帽] 13号染色体的Z值 完成 |Z|>=3 -> NaN
2025-09-06 19:59:43,165 - INFO - [盖帽] 18号染色体的Z值 完成 |Z|>=3 -> NaN
2025-09-06 19:59:43,165 - INFO - [盖帽] 21号染色体的Z值 完成 |Z|>=3 -> NaN
2025-09-06 19:59:43,165 - INFO - [盖帽] X染色体的Z值 完成 |Z|>=3 -> NaN
2025-09-06 19:59:43,167 - INFO - [盖帽] 列 Y染色体的Z值 不存在，跳过
2025-09-06 19:59:43,353 - INFO - [保存清洗] Result\CleanResult\女胎\女胎检测数据_cleaned.xlsx
2025-09-06 20:07:26,831 - INFO - [读取] 附件.xlsx -> 男胎检测数据  shape=(1082, 31)
2025-09-06 20:07:26,832 - INFO - [孕周格式化] 列 检测孕周 完成（→ 浮点周）
2025-09-06 20:07:26,835 - INFO - [Z-score] 检测孕周 -> 检测孕周_z（数值列）
2025-09-06 20:07:26,836 - INFO - [Z-score] 孕妇BMI -> 孕妇BMI_z（数值列）
2025-09-06 20:07:26,839 - INFO - [Z-score] 年龄 -> 年龄_z（数值列）
2025-09-06 20:07:26,841 - INFO - [Z-score] 生产次数 -> 生产次数_z（数值列）
2025-09-06 20:07:26,843 - INFO - [盖帽] 13号染色体的Z值 完成 |Z|>=3 -> NaN
2025-09-06 20:07:26,844 - INFO - [盖帽] 18号染色体的Z值 完成 |Z|>=3 -> NaN
2025-09-06 20:07:26,846 - INFO - [盖帽] 21号染色体的Z值 完成 |Z|>=3 -> NaN
2025-09-06 20:07:26,847 - INFO - [盖帽] X染色体的Z值 完成 |Z|>=3 -> NaN
2025-09-06 20:07:26,849 - INFO - [盖帽] Y染色体的Z值 完成 |Z|>=3 -> NaN
2025-09-06 20:07:27,190 - INFO - [保存清洗] Result\CleanResult\男胎\男胎检测数据_cleaned.xlsx
2025-09-06 20:07:27,274 - INFO - [生存数据] 已生成 Result\CleanResult\男胎\cleaned_survival_data.csv 形状=(267, 7)
2025-09-06 20:07:27,432 - INFO - [读取] 附件.xlsx -> 女胎检测数据  shape=(605, 31)
2025-09-06 20:07:27,433 - INFO - [孕周格式化] 列 检测孕周 完成（→ 浮点周）
2025-09-06 20:07:27,435 - INFO - [Z-score] 检测孕周 -> 检测孕周_z（数值列）
2025-09-06 20:07:27,436 - INFO - [Z-score] 孕妇BMI -> 孕妇BMI_z（数值列）
2025-09-06 20:07:27,437 - INFO - [Z-score] 年龄 -> 年龄_z（数值列）
2025-09-06 20:07:27,439 - INFO - [Z-score] 生产次数 -> 生产次数_z（数值列）
2025-09-06 20:07:27,440 - INFO - [盖帽] 13号染色体的Z值 完成 |Z|>=3 -> NaN
2025-09-06 20:07:27,440 - INFO - [盖帽] 18号染色体的Z值 完成 |Z|>=3 -> NaN
2025-09-06 20:07:27,441 - INFO - [盖帽] 21号染色体的Z值 完成 |Z|>=3 -> NaN
2025-09-06 20:07:27,442 - INFO - [盖帽] X染色体的Z值 完成 |Z|>=3 -> NaN
2025-09-06 20:07:27,442 - INFO - [盖帽] 列 Y染色体的Z值 不存在，跳过
2025-09-06 20:07:27,623 - INFO - [保存清洗] Result\CleanResult\女胎\女胎检测数据_cleaned.xlsx
2025-09-06 20:11:39,054 - INFO - [读取] 附件.xlsx -> 男胎检测数据  shape=(1082, 31)
2025-09-06 20:11:39,056 - INFO - [孕周格式化] 列 检测孕周 完成（→ 浮点周）
2025-09-06 20:11:39,058 - INFO - [Z-score] 检测孕周 -> 检测孕周_z（数值列）
2025-09-06 20:11:39,061 - INFO - [Z-score] 孕妇BMI -> 孕妇BMI_z（数值列）
2025-09-06 20:11:39,063 - INFO - [Z-score] 年龄 -> 年龄_z（数值列）
2025-09-06 20:11:39,064 - INFO - [Z-score] 生产次数 -> 生产次数_z（数值列）
2025-09-06 20:11:39,066 - INFO - [盖帽] 13号染色体的Z值 完成 |Z|>=3 -> NaN
2025-09-06 20:11:39,067 - INFO - [盖帽] 18号染色体的Z值 完成 |Z|>=3 -> NaN
2025-09-06 20:11:39,069 - INFO - [盖帽] 21号染色体的Z值 完成 |Z|>=3 -> NaN
2025-09-06 20:11:39,070 - INFO - [盖帽] X染色体的Z值 完成 |Z|>=3 -> NaN
2025-09-06 20:11:39,071 - INFO - [盖帽] Y染色体的Z值 完成 |Z|>=3 -> NaN
2025-09-06 20:11:39,402 - INFO - [保存清洗] Result\CleanResult\男胎\男胎检测数据_cleaned.xlsx
2025-09-06 20:11:39,479 - INFO - [生存数据] 已生成 Result\CleanResult\男胎\cleaned_survival_data.csv 形状=(267, 7)
2025-09-06 20:11:39,631 - INFO - [读取] 附件.xlsx -> 女胎检测数据  shape=(605, 31)
2025-09-06 20:11:39,632 - INFO - [孕周格式化] 列 检测孕周 完成（→ 浮点周）
2025-09-06 20:11:39,633 - INFO - [Z-score] 检测孕周 -> 检测孕周_z（数值列）
2025-09-06 20:11:39,636 - INFO - [Z-score] 孕妇BMI -> 孕妇BMI_z（数值列）
2025-09-06 20:11:39,637 - INFO - [Z-score] 年龄 -> 年龄_z（数值列）
2025-09-06 20:11:39,638 - INFO - [Z-score] 生产次数 -> 生产次数_z（数值列）
2025-09-06 20:11:39,639 - INFO - [盖帽] 13号染色体的Z值 完成 |Z|>=3 -> NaN
2025-09-06 20:11:39,640 - INFO - [盖帽] 18号染色体的Z值 完成 |Z|>=3 -> NaN
2025-09-06 20:11:39,641 - INFO - [盖帽] 21号染色体的Z值 完成 |Z|>=3 -> NaN
2025-09-06 20:11:39,642 - INFO - [盖帽] X染色体的Z值 完成 |Z|>=3 -> NaN
2025-09-06 20:11:39,642 - INFO - [盖帽] 列 Y染色体的Z值 不存在，跳过
2025-09-06 20:11:39,827 - INFO - [保存清洗] Result\CleanResult\女胎\女胎检测数据_cleaned.xlsx
2025-09-06 20:12:39,796 - INFO - [读取] 附件.xlsx -> 男胎检测数据  shape=(1082, 31)
2025-09-06 20:12:39,798 - INFO - [孕周格式化] 列 检测孕周 完成（→ 浮点周）
2025-09-06 20:12:39,801 - INFO - [Z-score] 检测孕周 -> 检测孕周_z（数值列）
2025-09-06 20:12:39,803 - INFO - [Z-score] 孕妇BMI -> 孕妇BMI_z（数值列）
2025-09-06 20:12:39,805 - INFO - [Z-score] 年龄 -> 年龄_z（数值列）
2025-09-06 20:12:39,808 - INFO - [Z-score] 生产次数 -> 生产次数_z（数值列）
2025-09-06 20:12:39,810 - INFO - [盖帽] 13号染色体的Z值 完成 |Z|>=3 -> NaN
2025-09-06 20:12:39,811 - INFO - [盖帽] 18号染色体的Z值 完成 |Z|>=3 -> NaN
2025-09-06 20:12:39,813 - INFO - [盖帽] 21号染色体的Z值 完成 |Z|>=3 -> NaN
2025-09-06 20:12:39,814 - INFO - [盖帽] X染色体的Z值 完成 |Z|>=3 -> NaN
2025-09-06 20:12:39,816 - INFO - [盖帽] Y染色体的Z值 完成 |Z|>=3 -> NaN
2025-09-06 20:12:40,164 - INFO - [保存清洗] Result\CleanResult\男胎\男胎检测数据_cleaned.xlsx
2025-09-06 20:12:40,247 - INFO - [生存数据] 已生成 Result\CleanResult\男胎\cleaned_survival_data.csv 形状=(267, 7)
2025-09-06 20:12:40,401 - INFO - [读取] 附件.xlsx -> 女胎检测数据  shape=(605, 31)
2025-09-06 20:12:40,403 - INFO - [孕周格式化] 列 检测孕周 完成（→ 浮点周）
2025-09-06 20:12:40,405 - INFO - [Z-score] 检测孕周 -> 检测孕周_z（数值列）
2025-09-06 20:12:40,407 - INFO - [Z-score] 孕妇BMI -> 孕妇BMI_z（数值列）
2025-09-06 20:12:40,409 - INFO - [Z-score] 年龄 -> 年龄_z（数值列）
2025-09-06 20:12:40,410 - INFO - [Z-score] 生产次数 -> 生产次数_z（数值列）
2025-09-06 20:12:40,411 - INFO - [盖帽] 13号染色体的Z值 完成 |Z|>=3 -> NaN
2025-09-06 20:12:40,412 - INFO - [盖帽] 18号染色体的Z值 完成 |Z|>=3 -> NaN
2025-09-06 20:12:40,413 - INFO - [盖帽] 21号染色体的Z值 完成 |Z|>=3 -> NaN
2025-09-06 20:12:40,414 - INFO - [盖帽] X染色体的Z值 完成 |Z|>=3 -> NaN
2025-09-06 20:12:40,414 - INFO - [盖帽] 列 Y染色体的Z值 不存在，跳过
2025-09-06 20:12:40,601 - INFO - [保存清洗] Result\CleanResult\女胎\女胎检测数据_cleaned.xlsx
2025-09-06 20:13:59,693 - INFO - [读取] 附件.xlsx -> 男胎检测数据  shape=(1082, 31)
2025-09-06 20:13:59,695 - INFO - [孕周格式化] 列 检测孕周 完成（→ 浮点周）
2025-09-06 20:13:59,697 - INFO - [Z-score] 检测孕周 -> 检测孕周_z（数值列）
2025-09-06 20:13:59,699 - INFO - [Z-score] 孕妇BMI -> 孕妇BMI_z（数值列）
2025-09-06 20:13:59,702 - INFO - [Z-score] 年龄 -> 年龄_z（数值列）
2025-09-06 20:13:59,704 - INFO - [Z-score] 生产次数 -> 生产次数_z（数值列）
2025-09-06 20:13:59,705 - INFO - [盖帽] 13号染色体的Z值 完成 |Z|>=3 -> NaN
2025-09-06 20:13:59,707 - INFO - [盖帽] 18号染色体的Z值 完成 |Z|>=3 -> NaN
2025-09-06 20:13:59,708 - INFO - [盖帽] 21号染色体的Z值 完成 |Z|>=3 -> NaN
2025-09-06 20:13:59,710 - INFO - [盖帽] X染色体的Z值 完成 |Z|>=3 -> NaN
2025-09-06 20:13:59,711 - INFO - [盖帽] Y染色体的Z值 完成 |Z|>=3 -> NaN
2025-09-06 20:14:00,059 - INFO - [保存清洗] Result\CleanResult\男胎\男胎检测数据_cleaned.xlsx
2025-09-06 20:14:00,134 - INFO - [生存数据] 已生成 Result\CleanResult\男胎\cleaned_survival_data.csv 形状=(267, 7)
2025-09-06 20:14:00,287 - INFO - [读取] 附件.xlsx -> 女胎检测数据  shape=(605, 31)
2025-09-06 20:14:00,288 - INFO - [孕周格式化] 列 检测孕周 完成（→ 浮点周）
2025-09-06 20:14:00,289 - INFO - [Z-score] 检测孕周 -> 检测孕周_z（数值列）
2025-09-06 20:14:00,291 - INFO - [Z-score] 孕妇BMI -> 孕妇BMI_z（数值列）
2025-09-06 20:14:00,292 - INFO - [Z-score] 年龄 -> 年龄_z（数值列）
2025-09-06 20:14:00,294 - INFO - [Z-score] 生产次数 -> 生产次数_z（数值列）
2025-09-06 20:14:00,295 - INFO - [盖帽] 13号染色体的Z值 完成 |Z|>=3 -> NaN
2025-09-06 20:14:00,296 - INFO - [盖帽] 18号染色体的Z值 完成 |Z|>=3 -> NaN
2025-09-06 20:14:00,297 - INFO - [盖帽] 21号染色体的Z值 完成 |Z|>=3 -> NaN
2025-09-06 20:14:00,298 - INFO - [盖帽] X染色体的Z值 完成 |Z|>=3 -> NaN
2025-09-06 20:14:00,298 - INFO - [盖帽] 列 Y染色体的Z值 不存在，跳过
2025-09-06 20:14:00,482 - INFO - [保存清洗] Result\CleanResult\女胎\女胎检测数据_cleaned.xlsx
2025-09-06 20:36:13,556 - INFO - [读取] 附件.xlsx -> 男胎检测数据  shape=(1082, 31)
2025-09-06 20:36:13,561 - INFO - [孕周格式化] 列 检测孕周 完成（→ 浮点周）
2025-09-06 20:36:13,564 - INFO - [Z-score] 检测孕周 -> 检测孕周_z（数值列）
2025-09-06 20:36:13,567 - INFO - [Z-score] 孕妇BMI -> 孕妇BMI_z（数值列）
2025-09-06 20:36:13,569 - INFO - [Z-score] 年龄 -> 年龄_z（数值列）
2025-09-06 20:36:13,573 - INFO - [Z-score] 生产次数 -> 生产次数_z（数值列）
2025-09-06 20:36:13,575 - INFO - [盖帽] 13号染色体的Z值 完成 |Z|>=3 -> NaN
2025-09-06 20:36:13,576 - INFO - [盖帽] 18号染色体的Z值 完成 |Z|>=3 -> NaN
2025-09-06 20:36:13,578 - INFO - [盖帽] 21号染色体的Z值 完成 |Z|>=3 -> NaN
2025-09-06 20:36:13,580 - INFO - [盖帽] X染色体的Z值 完成 |Z|>=3 -> NaN
2025-09-06 20:36:13,582 - INFO - [盖帽] Y染色体的Z值 完成 |Z|>=3 -> NaN
2025-09-06 20:36:13,959 - INFO - [保存清洗] Result\CleanResult\男胎\男胎检测数据_cleaned.xlsx
2025-09-06 20:36:14,065 - INFO - [生存数据] 已生成 Result\CleanResult\男胎\cleaned_survival_data.csv 形状=(267, 7)
2025-09-06 20:36:14,235 - INFO - [读取] 附件.xlsx -> 女胎检测数据  shape=(605, 31)
2025-09-06 20:36:14,236 - INFO - [孕周格式化] 列 检测孕周 完成（→ 浮点周）
2025-09-06 20:36:14,238 - INFO - [Z-score] 检测孕周 -> 检测孕周_z（数值列）
2025-09-06 20:36:14,239 - INFO - [Z-score] 孕妇BMI -> 孕妇BMI_z（数值列）
2025-09-06 20:36:14,240 - INFO - [Z-score] 年龄 -> 年龄_z（数值列）
2025-09-06 20:36:14,242 - INFO - [Z-score] 生产次数 -> 生产次数_z（数值列）
2025-09-06 20:36:14,243 - INFO - [盖帽] 13号染色体的Z值 完成 |Z|>=3 -> NaN
2025-09-06 20:36:14,244 - INFO - [盖帽] 18号染色体的Z值 完成 |Z|>=3 -> NaN
2025-09-06 20:36:14,244 - INFO - [盖帽] 21号染色体的Z值 完成 |Z|>=3 -> NaN
2025-09-06 20:36:14,245 - INFO - [盖帽] X染色体的Z值 完成 |Z|>=3 -> NaN
2025-09-06 20:36:14,245 - INFO - [盖帽] 列 Y染色体的Z值 不存在，跳过
2025-09-06 20:36:14,437 - INFO - [保存清洗] Result\CleanResult\女胎\女胎检测数据_cleaned.xlsx
2025-09-06 22:54:30,022 - INFO - [读取] 附件.xlsx -> 男胎检测数据  shape=(1082, 31)
2025-09-06 22:54:30,026 - INFO - [孕周格式化] 列 检测孕周 完成（→ 浮点周）
2025-09-06 22:54:30,029 - INFO - [Z-score] 检测孕周 -> 检测孕周_z（数值列）
2025-09-06 22:54:30,031 - INFO - [Z-score] 孕妇BMI -> 孕妇BMI_z（数值列）
2025-09-06 22:54:30,033 - INFO - [Z-score] 年龄 -> 年龄_z（数值列）
2025-09-06 22:54:30,035 - INFO - [Z-score] 生产次数 -> 生产次数_z（数值列）
2025-09-06 22:54:30,037 - INFO - [盖帽] 13号染色体的Z值 完成 |Z|>=3 -> NaN
2025-09-06 22:54:30,038 - INFO - [盖帽] 18号染色体的Z值 完成 |Z|>=3 -> NaN
2025-09-06 22:54:30,039 - INFO - [盖帽] 21号染色体的Z值 完成 |Z|>=3 -> NaN
2025-09-06 22:54:30,041 - INFO - [盖帽] X染色体的Z值 完成 |Z|>=3 -> NaN
2025-09-06 22:54:30,042 - INFO - [盖帽] Y染色体的Z值 完成 |Z|>=3 -> NaN
2025-09-06 22:54:30,391 - INFO - [保存清洗] Result\CleanResult\男胎\男胎检测数据_cleaned.xlsx
2025-09-06 22:54:30,473 - INFO - [生存数据] 已生成 Result\CleanResult\男胎\cleaned_survival_data.csv 形状=(267, 7)
2025-09-06 22:54:30,633 - INFO - [读取] 附件.xlsx -> 女胎检测数据  shape=(605, 31)
2025-09-06 22:54:30,634 - INFO - [孕周格式化] 列 检测孕周 完成（→ 浮点周）
2025-09-06 22:54:30,636 - INFO - [Z-score] 检测孕周 -> 检测孕周_z（数值列）
2025-09-06 22:54:30,637 - INFO - [Z-score] 孕妇BMI -> 孕妇BMI_z（数值列）
2025-09-06 22:54:30,638 - INFO - [Z-score] 年龄 -> 年龄_z（数值列）
2025-09-06 22:54:30,639 - INFO - [Z-score] 生产次数 -> 生产次数_z（数值列）
2025-09-06 22:54:30,640 - INFO - [盖帽] 13号染色体的Z值 完成 |Z|>=3 -> NaN
2025-09-06 22:54:30,641 - INFO - [盖帽] 18号染色体的Z值 完成 |Z|>=3 -> NaN
2025-09-06 22:54:30,642 - INFO - [盖帽] 21号染色体的Z值 完成 |Z|>=3 -> NaN
2025-09-06 22:54:30,643 - INFO - [盖帽] X染色体的Z值 完成 |Z|>=3 -> NaN
2025-09-06 22:54:30,643 - INFO - [盖帽] 列 Y染色体的Z值 不存在，跳过
2025-09-06 22:54:30,826 - INFO - [保存清洗] Result\CleanResult\女胎\女胎检测数据_cleaned.xlsx
2025-09-06 23:09:55,549 - INFO - [读取] 附件.xlsx -> 男胎检测数据  shape=(1082, 31)
2025-09-06 23:09:55,554 - INFO - [孕周格式化] 列 检测孕周 完成（→ 浮点周）
2025-09-06 23:09:55,556 - INFO - [Z-score] 检测孕周 -> 检测孕周_z（数值列）
2025-09-06 23:09:55,559 - INFO - [Z-score] 孕妇BMI -> 孕妇BMI_z（数值列）
2025-09-06 23:09:55,560 - INFO - [Z-score] 年龄 -> 年龄_z（数值列）
2025-09-06 23:09:55,562 - INFO - [Z-score] 生产次数 -> 生产次数_z（数值列）
2025-09-06 23:09:55,564 - INFO - [盖帽] 13号染色体的Z值 完成 |Z|>=3 -> NaN
2025-09-06 23:09:55,565 - INFO - [盖帽] 18号染色体的Z值 完成 |Z|>=3 -> NaN
2025-09-06 23:09:55,567 - INFO - [盖帽] 21号染色体的Z值 完成 |Z|>=3 -> NaN
2025-09-06 23:09:55,568 - INFO - [盖帽] X染色体的Z值 完成 |Z|>=3 -> NaN
2025-09-06 23:09:55,569 - INFO - [盖帽] Y染色体的Z值 完成 |Z|>=3 -> NaN
2025-09-06 23:09:55,942 - INFO - [保存清洗] Result\CleanResult\男胎\男胎检测数据_cleaned.xlsx
2025-09-06 23:09:56,042 - INFO - [生存数据] 已生成 Result\CleanResult\男胎\cleaned_survival_data.csv 形状=(267, 7)
2025-09-06 23:09:56,203 - INFO - [读取] 附件.xlsx -> 女胎检测数据  shape=(605, 31)
2025-09-06 23:09:56,204 - INFO - [孕周格式化] 列 检测孕周 完成（→ 浮点周）
2025-09-06 23:09:56,205 - INFO - [Z-score] 检测孕周 -> 检测孕周_z（数值列）
2025-09-06 23:09:56,206 - INFO - [Z-score] 孕妇BMI -> 孕妇BMI_z（数值列）
2025-09-06 23:09:56,208 - INFO - [Z-score] 年龄 -> 年龄_z（数值列）
2025-09-06 23:09:56,209 - INFO - [Z-score] 生产次数 -> 生产次数_z（数值列）
2025-09-06 23:09:56,210 - INFO - [盖帽] 13号染色体的Z值 完成 |Z|>=3 -> NaN
2025-09-06 23:09:56,211 - INFO - [盖帽] 18号染色体的Z值 完成 |Z|>=3 -> NaN
2025-09-06 23:09:56,212 - INFO - [盖帽] 21号染色体的Z值 完成 |Z|>=3 -> NaN
2025-09-06 23:09:56,213 - INFO - [盖帽] X染色体的Z值 完成 |Z|>=3 -> NaN
2025-09-06 23:09:56,213 - INFO - [盖帽] 列 Y染色体的Z值 不存在，跳过
2025-09-06 23:09:56,407 - INFO - [保存清洗] Result\CleanResult\女胎\女胎检测数据_cleaned.xlsx
