2025-09-07 13:08:06,937 - INFO - [读取] 附件.xlsx -> 男胎检测数据  shape=(1082, 31)
2025-09-07 13:08:06,941 - INFO - [孕周格式化] 列 检测孕周 完成（→ 浮点周）
2025-09-07 13:08:06,945 - INFO - [Z-score] 检测孕周 -> 检测孕周_z（数值列）
2025-09-07 13:08:06,948 - INFO - [Z-score] 孕妇BMI -> 孕妇BMI_z（数值列）
2025-09-07 13:08:06,950 - INFO - [Z-score] 年龄 -> 年龄_z（数值列）
2025-09-07 13:08:06,952 - INFO - [Z-score] 生产次数 -> 生产次数_z（数值列）
2025-09-07 13:08:06,954 - INFO - [盖帽] 13号染色体的Z值 完成 |Z|>=3 -> NaN
2025-09-07 13:08:06,955 - INFO - [盖帽] 18号染色体的Z值 完成 |Z|>=3 -> NaN
2025-09-07 13:08:06,957 - INFO - [盖帽] 21号染色体的Z值 完成 |Z|>=3 -> NaN
2025-09-07 13:08:06,958 - INFO - [盖帽] X染色体的Z值 完成 |Z|>=3 -> NaN
2025-09-07 13:08:06,960 - INFO - [盖帽] Y染色体的Z值 完成 |Z|>=3 -> NaN
2025-09-07 13:08:07,318 - INFO - [保存清洗] Result\CleanResult\男胎\男胎检测数据_cleaned.xlsx
2025-09-07 13:08:07,408 - INFO - [生存数据] 已生成 Result\CleanResult\男胎\cleaned_survival_data.csv 形状=(267, 7)
2025-09-07 13:08:07,570 - INFO - [读取] 附件.xlsx -> 女胎检测数据  shape=(605, 31)
2025-09-07 13:08:07,571 - INFO - [孕周格式化] 列 检测孕周 完成（→ 浮点周）
2025-09-07 13:08:07,573 - INFO - [Z-score] 检测孕周 -> 检测孕周_z（数值列）
2025-09-07 13:08:07,574 - INFO - [Z-score] 孕妇BMI -> 孕妇BMI_z（数值列）
2025-09-07 13:08:07,575 - INFO - [Z-score] 年龄 -> 年龄_z（数值列）
2025-09-07 13:08:07,576 - INFO - [Z-score] 生产次数 -> 生产次数_z（数值列）
2025-09-07 13:08:07,577 - INFO - [盖帽] 13号染色体的Z值 完成 |Z|>=3 -> NaN
2025-09-07 13:08:07,578 - INFO - [盖帽] 18号染色体的Z值 完成 |Z|>=3 -> NaN
2025-09-07 13:08:07,579 - INFO - [盖帽] 21号染色体的Z值 完成 |Z|>=3 -> NaN
2025-09-07 13:08:07,580 - INFO - [盖帽] X染色体的Z值 完成 |Z|>=3 -> NaN
2025-09-07 13:08:07,580 - INFO - [盖帽] 列 Y染色体的Z值 不存在，跳过
2025-09-07 13:08:07,764 - INFO - [保存清洗] Result\CleanResult\女胎\女胎检测数据_cleaned.xlsx
2025-09-07 13:13:03,284 - INFO - [读取] 附件.xlsx -> 男胎检测数据  shape=(1082, 31)
2025-09-07 13:13:03,286 - INFO - [孕周格式化] 列 检测孕周 完成（→ 浮点周）
2025-09-07 13:13:03,289 - INFO - [Z-score] 检测孕周 -> 检测孕周_z（数值列）
2025-09-07 13:13:03,291 - INFO - [Z-score] 孕妇BMI -> 孕妇BMI_z（数值列）
2025-09-07 13:13:03,293 - INFO - [Z-score] 年龄 -> 年龄_z（数值列）
2025-09-07 13:13:03,295 - INFO - [Z-score] 生产次数 -> 生产次数_z（数值列）
2025-09-07 13:13:03,297 - INFO - [盖帽] 13号染色体的Z值 完成 |Z|>=3 -> NaN
2025-09-07 13:13:03,298 - INFO - [盖帽] 18号染色体的Z值 完成 |Z|>=3 -> NaN
2025-09-07 13:13:03,299 - INFO - [盖帽] 21号染色体的Z值 完成 |Z|>=3 -> NaN
2025-09-07 13:13:03,300 - INFO - [盖帽] X染色体的Z值 完成 |Z|>=3 -> NaN
2025-09-07 13:13:03,303 - INFO - [盖帽] Y染色体的Z值 完成 |Z|>=3 -> NaN
2025-09-07 13:13:03,653 - INFO - [保存清洗] Result\CleanResult\男胎\男胎检测数据_cleaned.xlsx
2025-09-07 13:13:03,731 - INFO - [生存数据] 已生成 Result\CleanResult\男胎\cleaned_survival_data.csv 形状=(267, 7)
2025-09-07 13:13:03,885 - INFO - [读取] 附件.xlsx -> 女胎检测数据  shape=(605, 31)
2025-09-07 13:13:03,886 - INFO - [孕周格式化] 列 检测孕周 完成（→ 浮点周）
2025-09-07 13:13:03,888 - INFO - [Z-score] 检测孕周 -> 检测孕周_z（数值列）
2025-09-07 13:13:03,889 - INFO - [Z-score] 孕妇BMI -> 孕妇BMI_z（数值列）
2025-09-07 13:13:03,892 - INFO - [Z-score] 年龄 -> 年龄_z（数值列）
2025-09-07 13:13:03,894 - INFO - [Z-score] 生产次数 -> 生产次数_z（数值列）
2025-09-07 13:13:03,895 - INFO - [盖帽] 13号染色体的Z值 完成 |Z|>=3 -> NaN
2025-09-07 13:13:03,897 - INFO - [盖帽] 18号染色体的Z值 完成 |Z|>=3 -> NaN
2025-09-07 13:13:03,899 - INFO - [盖帽] 21号染色体的Z值 完成 |Z|>=3 -> NaN
2025-09-07 13:13:03,899 - INFO - [盖帽] X染色体的Z值 完成 |Z|>=3 -> NaN
2025-09-07 13:13:03,901 - INFO - [盖帽] 列 Y染色体的Z值 不存在，跳过
2025-09-07 13:13:04,083 - INFO - [保存清洗] Result\CleanResult\女胎\女胎检测数据_cleaned.xlsx
